[0.807s] Invoking command in '/home/shirakawa/mypkg/src/mypkg': PYTHONPATH=/home/shirakawa/mypkg/build/mypkg/prefix_override:/home/shirakawa/mypkg/install/mypkg/lib/python3.10/site-packages:${PYTHONPATH} /usr/bin/python3 setup.py egg_info --egg-base ../../build/mypkg build --build-base /home/shirakawa/mypkg/build/mypkg/build install --record /home/shirakawa/mypkg/build/mypkg/install.log --single-version-externally-managed
[1.011s] running egg_info
[1.012s] writing ../../build/mypkg/mypkg.egg-info/PKG-INFO
[1.012s] writing dependency_links to ../../build/mypkg/mypkg.egg-info/dependency_links.txt
[1.012s] writing entry points to ../../build/mypkg/mypkg.egg-info/entry_points.txt
[1.013s] writing requirements to ../../build/mypkg/mypkg.egg-info/requires.txt
[1.013s] writing top-level names to ../../build/mypkg/mypkg.egg-info/top_level.txt
[1.014s] reading manifest file '../../build/mypkg/mypkg.egg-info/SOURCES.txt'
[1.015s] writing manifest file '../../build/mypkg/mypkg.egg-info/SOURCES.txt'
[1.015s] running build
[1.015s] running build_py
[1.016s] copying mypkg/talker.py -> /home/shirakawa/mypkg/build/mypkg/build/lib/mypkg
[1.016s] running install
[1.017s] /usr/lib/python3/dist-packages/setuptools/command/install.py:34: SetuptoolsDeprecationWarning: setup.py install is deprecated. Use build and pip and other standards-based tools.
[1.017s]   warnings.warn(
[1.017s] running install_lib
[1.018s] copying /home/shirakawa/mypkg/build/mypkg/build/lib/mypkg/talker.py -> /home/shirakawa/mypkg/install/mypkg/lib/python3.10/site-packages/mypkg
[1.018s] byte-compiling /home/shirakawa/mypkg/install/mypkg/lib/python3.10/site-packages/mypkg/talker.py to talker.cpython-310.pyc
[1.019s] running install_data
[1.020s] copying package.xml -> /home/shirakawa/mypkg/install/mypkg/share/mypkg
[1.020s] running install_egg_info
[1.021s] removing '/home/shirakawa/mypkg/install/mypkg/lib/python3.10/site-packages/mypkg-0.0.0-py3.10.egg-info' (and everything under it)
[1.022s] Copying ../../build/mypkg/mypkg.egg-info to /home/shirakawa/mypkg/install/mypkg/lib/python3.10/site-packages/mypkg-0.0.0-py3.10.egg-info
[1.023s] running install_scripts
[1.043s] Installing talker script to /home/shirakawa/mypkg/install/mypkg/lib/mypkg
[1.043s] writing list of installed files to '/home/shirakawa/mypkg/build/mypkg/install.log'
[1.067s] Invoked command in '/home/shirakawa/mypkg/src/mypkg' returned '0': PYTHONPATH=/home/shirakawa/mypkg/build/mypkg/prefix_override:/home/shirakawa/mypkg/install/mypkg/lib/python3.10/site-packages:${PYTHONPATH} /usr/bin/python3 setup.py egg_info --egg-base ../../build/mypkg build --build-base /home/shirakawa/mypkg/build/mypkg/build install --record /home/shirakawa/mypkg/build/mypkg/install.log --single-version-externally-managed
