[0.735s] Invoking command in '/home/shirakawa/mypkg': PYTHONPATH=/home/shirakawa/mypkg/build/mypkg/prefix_override:/home/shirakawa/mypkg/install/mypkg/lib/python3.10/site-packages:${PYTHONPATH} /usr/bin/python3 setup.py egg_info --egg-base build/mypkg build --build-base /home/shirakawa/mypkg/build/mypkg/build install --record /home/shirakawa/mypkg/build/mypkg/install.log --single-version-externally-managed
[0.926s] running egg_info
[0.927s] writing build/mypkg/mypkg.egg-info/PKG-INFO
[0.927s] writing dependency_links to build/mypkg/mypkg.egg-info/dependency_links.txt
[0.927s] writing entry points to build/mypkg/mypkg.egg-info/entry_points.txt
[0.927s] writing requirements to build/mypkg/mypkg.egg-info/requires.txt
[0.928s] writing top-level names to build/mypkg/mypkg.egg-info/top_level.txt
[0.930s] reading manifest file 'build/mypkg/mypkg.egg-info/SOURCES.txt'
[0.930s] adding license file 'LICENSE'
[0.931s] writing manifest file 'build/mypkg/mypkg.egg-info/SOURCES.txt'
[0.931s] running build
[0.931s] running build_py
[0.931s] running install
[0.932s] /usr/lib/python3/dist-packages/setuptools/command/install.py:34: SetuptoolsDeprecationWarning: setup.py install is deprecated. Use build and pip and other standards-based tools.
[0.932s]   warnings.warn(
[0.932s] running install_lib
[0.933s] running install_data
[0.934s] running install_egg_info
[0.935s] removing '/home/shirakawa/mypkg/install/mypkg/lib/python3.10/site-packages/mypkg-0.0.0-py3.10.egg-info' (and everything under it)
[0.936s] Copying build/mypkg/mypkg.egg-info to /home/shirakawa/mypkg/install/mypkg/lib/python3.10/site-packages/mypkg-0.0.0-py3.10.egg-info
[0.937s] running install_scripts
[0.956s] Installing talker script to /home/shirakawa/mypkg/install/mypkg/lib/mypkg
[0.957s] writing list of installed files to '/home/shirakawa/mypkg/build/mypkg/install.log'
[0.983s] Invoked command in '/home/shirakawa/mypkg' returned '0': PYTHONPATH=/home/shirakawa/mypkg/build/mypkg/prefix_override:/home/shirakawa/mypkg/install/mypkg/lib/python3.10/site-packages:${PYTHONPATH} /usr/bin/python3 setup.py egg_info --egg-base build/mypkg build --build-base /home/shirakawa/mypkg/build/mypkg/build install --record /home/shirakawa/mypkg/build/mypkg/install.log --single-version-externally-managed
