[0.833s] Invoking command in '/home/shirakawa/mypkg': PYTHONPATH=/home/shirakawa/mypkg/build/mypkg/prefix_override:/home/shirakawa/mypkg/install/mypkg/lib/python3.10/site-packages:${PYTHONPATH} /usr/bin/python3 setup.py egg_info --egg-base build/mypkg build --build-base /home/shirakawa/mypkg/build/mypkg/build install --record /home/shirakawa/mypkg/build/mypkg/install.log --single-version-externally-managed
[1.034s] running egg_info
[1.035s] writing build/mypkg/mypkg.egg-info/PKG-INFO
[1.038s] writing dependency_links to build/mypkg/mypkg.egg-info/dependency_links.txt
[1.038s] writing entry points to build/mypkg/mypkg.egg-info/entry_points.txt
[1.038s] writing requirements to build/mypkg/mypkg.egg-info/requires.txt
[1.038s] writing top-level names to build/mypkg/mypkg.egg-info/top_level.txt
[1.040s] reading manifest file 'build/mypkg/mypkg.egg-info/SOURCES.txt'
[1.040s] adding license file 'LICENSE'
[1.041s] writing manifest file 'build/mypkg/mypkg.egg-info/SOURCES.txt'
[1.041s] running build
[1.042s] running build_py
[1.043s] copying mypkg/listener.py -> /home/shirakawa/mypkg/build/mypkg/build/lib/mypkg
[1.043s] copying mypkg/talker.py -> /home/shirakawa/mypkg/build/mypkg/build/lib/mypkg
[1.044s] running install
[1.044s] /usr/lib/python3/dist-packages/setuptools/command/install.py:34: SetuptoolsDeprecationWarning: setup.py install is deprecated. Use build and pip and other standards-based tools.
[1.044s]   warnings.warn(
[1.045s] running install_lib
[1.046s] copying /home/shirakawa/mypkg/build/mypkg/build/lib/mypkg/listener.py -> /home/shirakawa/mypkg/install/mypkg/lib/python3.10/site-packages/mypkg
[1.046s] copying /home/shirakawa/mypkg/build/mypkg/build/lib/mypkg/talker.py -> /home/shirakawa/mypkg/install/mypkg/lib/python3.10/site-packages/mypkg
[1.047s] byte-compiling /home/shirakawa/mypkg/install/mypkg/lib/python3.10/site-packages/mypkg/listener.py to listener.cpython-310.pyc
[1.048s] byte-compiling /home/shirakawa/mypkg/install/mypkg/lib/python3.10/site-packages/mypkg/talker.py to talker.cpython-310.pyc
[1.048s] running install_data
[1.050s] running install_egg_info
[1.052s] removing '/home/shirakawa/mypkg/install/mypkg/lib/python3.10/site-packages/mypkg-0.0.0-py3.10.egg-info' (and everything under it)
[1.052s] Copying build/mypkg/mypkg.egg-info to /home/shirakawa/mypkg/install/mypkg/lib/python3.10/site-packages/mypkg-0.0.0-py3.10.egg-info
[1.054s] running install_scripts
[1.072s] Installing talker script to /home/shirakawa/mypkg/install/mypkg/lib/mypkg
[1.073s] writing list of installed files to '/home/shirakawa/mypkg/build/mypkg/install.log'
[1.098s] Invoked command in '/home/shirakawa/mypkg' returned '0': PYTHONPATH=/home/shirakawa/mypkg/build/mypkg/prefix_override:/home/shirakawa/mypkg/install/mypkg/lib/python3.10/site-packages:${PYTHONPATH} /usr/bin/python3 setup.py egg_info --egg-base build/mypkg build --build-base /home/shirakawa/mypkg/build/mypkg/build install --record /home/shirakawa/mypkg/build/mypkg/install.log --single-version-externally-managed
